2023-02-28 20:41:02,191 INFO impl.MetricsConfig: Loaded properties from hadoop-metrics2.properties
2023-02-28 20:41:02,299 INFO impl.MetricsSystemImpl: Scheduled Metric snapshot period at 10 second(s).
2023-02-28 20:41:02,299 INFO impl.MetricsSystemImpl: JobTracker metrics system started
2023-02-28 20:41:02,365 WARN mapreduce.JobResourceUploader: Hadoop command-line option parsing not performed. Implement the Tool interface and execute your application with ToolRunner to remedy this.
2023-02-28 20:41:02,416 INFO input.FileInputFormat: Total input files to process : 1
2023-02-28 20:41:02,429 INFO input.FileInputFormat: Total input files to process : 1
2023-02-28 20:41:02,441 INFO mapreduce.JobSubmitter: number of splits:2
2023-02-28 20:41:02,544 INFO mapreduce.JobSubmitter: Submitting tokens for job: job_local614031783_0001
2023-02-28 20:41:02,544 INFO mapreduce.JobSubmitter: Executing with tokens: []
2023-02-28 20:41:02,651 INFO mapreduce.Job: The url to track the job: http://localhost:8080/
2023-02-28 20:41:02,651 INFO mapreduce.Job: Running job: job_local614031783_0001
2023-02-28 20:41:02,652 INFO mapred.LocalJobRunner: OutputCommitter set in config null
2023-02-28 20:41:02,657 INFO output.FileOutputCommitter: File Output Committer Algorithm version is 2
2023-02-28 20:41:02,657 INFO output.FileOutputCommitter: FileOutputCommitter skip cleanup _temporary folders under output directory:false, ignore cleanup failures: false
2023-02-28 20:41:02,657 INFO mapred.LocalJobRunner: OutputCommitter is org.apache.hadoop.mapreduce.lib.output.FileOutputCommitter
2023-02-28 20:41:02,681 INFO mapred.LocalJobRunner: Waiting for map tasks
2023-02-28 20:41:02,681 INFO mapred.LocalJobRunner: Starting task: attempt_local614031783_0001_m_000000_0
2023-02-28 20:41:02,699 INFO output.FileOutputCommitter: File Output Committer Algorithm version is 2
2023-02-28 20:41:02,699 INFO output.FileOutputCommitter: FileOutputCommitter skip cleanup _temporary folders under output directory:false, ignore cleanup failures: false
2023-02-28 20:41:02,729 INFO mapred.Task:  Using ResourceCalculatorProcessTree : [ ]
2023-02-28 20:41:02,734 INFO mapred.MapTask: Processing split: file:/home/kuldip1906/project2/M-matrix-small.txt:0+92
2023-02-28 20:41:02,861 INFO mapred.MapTask: (EQUATOR) 0 kvi 26214396(104857584)
2023-02-28 20:41:02,861 INFO mapred.MapTask: mapreduce.task.io.sort.mb: 100
2023-02-28 20:41:02,861 INFO mapred.MapTask: soft limit at 83886080
2023-02-28 20:41:02,861 INFO mapred.MapTask: bufstart = 0; bufvoid = 104857600
2023-02-28 20:41:02,861 INFO mapred.MapTask: kvstart = 26214396; length = 6553600
2023-02-28 20:41:02,870 INFO mapred.MapTask: Map output collector class = org.apache.hadoop.mapred.MapTask$MapOutputBuffer
2023-02-28 20:41:02,892 INFO mapred.LocalJobRunner: 
2023-02-28 20:41:02,892 INFO mapred.MapTask: Starting flush of map output
2023-02-28 20:41:02,892 INFO mapred.MapTask: Spilling map output
2023-02-28 20:41:02,892 INFO mapred.MapTask: bufstart = 0; bufend = 154; bufvoid = 104857600
2023-02-28 20:41:02,892 INFO mapred.MapTask: kvstart = 26214396(104857584); kvend = 26214356(104857424); length = 41/6553600
2023-02-28 20:41:02,917 INFO mapred.MapTask: Finished spill 0
2023-02-28 20:41:02,945 INFO mapred.Task: Task:attempt_local614031783_0001_m_000000_0 is done. And is in the process of committing
2023-02-28 20:41:02,949 INFO mapred.LocalJobRunner: map
2023-02-28 20:41:02,950 INFO mapred.Task: Task 'attempt_local614031783_0001_m_000000_0' done.
2023-02-28 20:41:02,962 INFO mapred.Task: Final Counters for attempt_local614031783_0001_m_000000_0: Counters: 17
	File System Counters
		FILE: Number of bytes read=11073
		FILE: Number of bytes written=558291
		FILE: Number of read operations=0
		FILE: Number of large read operations=0
		FILE: Number of write operations=0
	Map-Reduce Framework
		Map input records=11
		Map output records=11
		Map output bytes=154
		Map output materialized bytes=182
		Input split bytes=241
		Combine input records=0
		Spilled Records=11
		Failed Shuffles=0
		Merged Map outputs=0
		GC time elapsed (ms)=0
		Total committed heap usage (bytes)=216530944
	File Input Format Counters 
		Bytes Read=0
2023-02-28 20:41:02,962 INFO mapred.LocalJobRunner: Finishing task: attempt_local614031783_0001_m_000000_0
2023-02-28 20:41:02,963 INFO mapred.LocalJobRunner: Starting task: attempt_local614031783_0001_m_000001_0
2023-02-28 20:41:02,971 INFO output.FileOutputCommitter: File Output Committer Algorithm version is 2
2023-02-28 20:41:02,972 INFO output.FileOutputCommitter: FileOutputCommitter skip cleanup _temporary folders under output directory:false, ignore cleanup failures: false
2023-02-28 20:41:02,972 INFO mapred.Task:  Using ResourceCalculatorProcessTree : [ ]
2023-02-28 20:41:02,973 INFO mapred.MapTask: Processing split: file:/home/kuldip1906/project2/N-matrix-small.txt:0+67
2023-02-28 20:41:03,035 INFO mapred.MapTask: (EQUATOR) 0 kvi 26214396(104857584)
2023-02-28 20:41:03,035 INFO mapred.MapTask: mapreduce.task.io.sort.mb: 100
2023-02-28 20:41:03,035 INFO mapred.MapTask: soft limit at 83886080
2023-02-28 20:41:03,035 INFO mapred.MapTask: bufstart = 0; bufvoid = 104857600
2023-02-28 20:41:03,035 INFO mapred.MapTask: kvstart = 26214396; length = 6553600
2023-02-28 20:41:03,037 INFO mapred.MapTask: Map output collector class = org.apache.hadoop.mapred.MapTask$MapOutputBuffer
2023-02-28 20:41:03,039 INFO mapred.LocalJobRunner: 
2023-02-28 20:41:03,039 INFO mapred.MapTask: Starting flush of map output
2023-02-28 20:41:03,039 INFO mapred.MapTask: Spilling map output
2023-02-28 20:41:03,039 INFO mapred.MapTask: bufstart = 0; bufend = 112; bufvoid = 104857600
2023-02-28 20:41:03,039 INFO mapred.MapTask: kvstart = 26214396(104857584); kvend = 26214368(104857472); length = 29/6553600
2023-02-28 20:41:03,041 INFO mapred.MapTask: Finished spill 0
2023-02-28 20:41:03,044 INFO mapred.Task: Task:attempt_local614031783_0001_m_000001_0 is done. And is in the process of committing
2023-02-28 20:41:03,046 INFO mapred.LocalJobRunner: map
2023-02-28 20:41:03,046 INFO mapred.Task: Task 'attempt_local614031783_0001_m_000001_0' done.
2023-02-28 20:41:03,048 INFO mapred.Task: Final Counters for attempt_local614031783_0001_m_000001_0: Counters: 17
	File System Counters
		FILE: Number of bytes read=11641
		FILE: Number of bytes written=558457
		FILE: Number of read operations=0
		FILE: Number of large read operations=0
		FILE: Number of write operations=0
	Map-Reduce Framework
		Map input records=8
		Map output records=8
		Map output bytes=112
		Map output materialized bytes=134
		Input split bytes=241
		Combine input records=0
		Spilled Records=8
		Failed Shuffles=0
		Merged Map outputs=0
		GC time elapsed (ms)=0
		Total committed heap usage (bytes)=321912832
	File Input Format Counters 
		Bytes Read=0
2023-02-28 20:41:03,048 INFO mapred.LocalJobRunner: Finishing task: attempt_local614031783_0001_m_000001_0
2023-02-28 20:41:03,048 INFO mapred.LocalJobRunner: map task executor complete.
2023-02-28 20:41:03,051 INFO mapred.LocalJobRunner: Waiting for reduce tasks
2023-02-28 20:41:03,053 INFO mapred.LocalJobRunner: Starting task: attempt_local614031783_0001_r_000000_0
2023-02-28 20:41:03,059 INFO output.FileOutputCommitter: File Output Committer Algorithm version is 2
2023-02-28 20:41:03,060 INFO output.FileOutputCommitter: FileOutputCommitter skip cleanup _temporary folders under output directory:false, ignore cleanup failures: false
2023-02-28 20:41:03,060 INFO mapred.Task:  Using ResourceCalculatorProcessTree : [ ]
2023-02-28 20:41:03,065 INFO mapred.ReduceTask: Using ShuffleConsumerPlugin: org.apache.hadoop.mapreduce.task.reduce.Shuffle@12a2e645
2023-02-28 20:41:03,067 WARN impl.MetricsSystemImpl: JobTracker metrics system already initialized!
2023-02-28 20:41:03,086 INFO reduce.MergeManagerImpl: MergerManager: memoryLimit=629040704, maxSingleShuffleLimit=157260176, mergeThreshold=415166880, ioSortFactor=10, memToMemMergeOutputsThreshold=10
2023-02-28 20:41:03,089 INFO reduce.EventFetcher: attempt_local614031783_0001_r_000000_0 Thread started: EventFetcher for fetching Map Completion Events
2023-02-28 20:41:03,115 INFO reduce.LocalFetcher: localfetcher#1 about to shuffle output of map attempt_local614031783_0001_m_000000_0 decomp: 178 len: 182 to MEMORY
2023-02-28 20:41:03,118 INFO reduce.InMemoryMapOutput: Read 178 bytes from map-output for attempt_local614031783_0001_m_000000_0
2023-02-28 20:41:03,120 INFO reduce.MergeManagerImpl: closeInMemoryFile -> map-output of size: 178, inMemoryMapOutputs.size() -> 1, commitMemory -> 0, usedMemory ->178
2023-02-28 20:41:03,122 INFO reduce.LocalFetcher: localfetcher#1 about to shuffle output of map attempt_local614031783_0001_m_000001_0 decomp: 130 len: 134 to MEMORY
2023-02-28 20:41:03,122 INFO reduce.InMemoryMapOutput: Read 130 bytes from map-output for attempt_local614031783_0001_m_000001_0
2023-02-28 20:41:03,123 INFO reduce.MergeManagerImpl: closeInMemoryFile -> map-output of size: 130, inMemoryMapOutputs.size() -> 2, commitMemory -> 178, usedMemory ->308
2023-02-28 20:41:03,138 INFO reduce.EventFetcher: EventFetcher is interrupted.. Returning
2023-02-28 20:41:03,139 INFO mapred.LocalJobRunner: 2 / 2 copied.
2023-02-28 20:41:03,139 INFO reduce.MergeManagerImpl: finalMerge called with 2 in-memory map-outputs and 0 on-disk map-outputs
2023-02-28 20:41:03,144 INFO mapred.Merger: Merging 2 sorted segments
2023-02-28 20:41:03,144 INFO mapred.Merger: Down to the last merge-pass, with 2 segments left of total size: 296 bytes
2023-02-28 20:41:03,146 INFO reduce.MergeManagerImpl: Merged 2 segments, 308 bytes to disk to satisfy reduce memory limit
2023-02-28 20:41:03,146 INFO reduce.MergeManagerImpl: Merging 1 files, 310 bytes from disk
2023-02-28 20:41:03,147 INFO reduce.MergeManagerImpl: Merging 0 segments, 0 bytes from memory into reduce
2023-02-28 20:41:03,147 INFO mapred.Merger: Merging 1 sorted segments
2023-02-28 20:41:03,148 INFO mapred.Merger: Down to the last merge-pass, with 1 segments left of total size: 300 bytes
2023-02-28 20:41:03,148 INFO mapred.LocalJobRunner: 2 / 2 copied.
2023-02-28 20:41:03,152 INFO Configuration.deprecation: mapred.skip.on is deprecated. Instead, use mapreduce.job.skiprecords
2023-02-28 20:41:03,161 INFO mapred.Task: Task:attempt_local614031783_0001_r_000000_0 is done. And is in the process of committing
2023-02-28 20:41:03,162 INFO mapred.LocalJobRunner: 2 / 2 copied.
2023-02-28 20:41:03,162 INFO mapred.Task: Task attempt_local614031783_0001_r_000000_0 is allowed to commit now
2023-02-28 20:41:03,163 INFO output.FileOutputCommitter: Saved output of task 'attempt_local614031783_0001_r_000000_0' to file:/home/kuldip1906/project2/tmp
2023-02-28 20:41:03,164 INFO mapred.LocalJobRunner: reduce > reduce
2023-02-28 20:41:03,164 INFO mapred.Task: Task 'attempt_local614031783_0001_r_000000_0' done.
2023-02-28 20:41:03,165 INFO mapred.Task: Final Counters for attempt_local614031783_0001_r_000000_0: Counters: 24
	File System Counters
		FILE: Number of bytes read=12331
		FILE: Number of bytes written=559097
		FILE: Number of read operations=0
		FILE: Number of large read operations=0
		FILE: Number of write operations=0
	Map-Reduce Framework
		Combine input records=0
		Combine output records=0
		Reduce input groups=3
		Reduce shuffle bytes=316
		Reduce input records=19
		Reduce output records=29
		Spilled Records=19
		Shuffled Maps =2
		Failed Shuffles=0
		Merged Map outputs=2
		GC time elapsed (ms)=14
		Total committed heap usage (bytes)=321912832
	Shuffle Errors
		BAD_ID=0
		CONNECTION=0
		IO_ERROR=0
		WRONG_LENGTH=0
		WRONG_MAP=0
		WRONG_REDUCE=0
	File Output Format Counters 
		Bytes Written=330
2023-02-28 20:41:03,165 INFO mapred.LocalJobRunner: Finishing task: attempt_local614031783_0001_r_000000_0
2023-02-28 20:41:03,165 INFO mapred.LocalJobRunner: reduce task executor complete.
2023-02-28 20:41:03,655 INFO mapreduce.Job: Job job_local614031783_0001 running in uber mode : false
2023-02-28 20:41:03,657 INFO mapreduce.Job:  map 100% reduce 100%
2023-02-28 20:41:03,660 INFO mapreduce.Job: Job job_local614031783_0001 completed successfully
2023-02-28 20:41:03,682 INFO mapreduce.Job: Counters: 30
	File System Counters
		FILE: Number of bytes read=35045
		FILE: Number of bytes written=1675845
		FILE: Number of read operations=0
		FILE: Number of large read operations=0
		FILE: Number of write operations=0
	Map-Reduce Framework
		Map input records=19
		Map output records=19
		Map output bytes=266
		Map output materialized bytes=316
		Input split bytes=482
		Combine input records=0
		Combine output records=0
		Reduce input groups=3
		Reduce shuffle bytes=316
		Reduce input records=19
		Reduce output records=29
		Spilled Records=38
		Shuffled Maps =2
		Failed Shuffles=0
		Merged Map outputs=2
		GC time elapsed (ms)=14
		Total committed heap usage (bytes)=860356608
	Shuffle Errors
		BAD_ID=0
		CONNECTION=0
		IO_ERROR=0
		WRONG_LENGTH=0
		WRONG_MAP=0
		WRONG_REDUCE=0
	File Input Format Counters 
		Bytes Read=0
	File Output Format Counters 
		Bytes Written=330
2023-02-28 20:41:03,684 WARN impl.MetricsSystemImpl: JobTracker metrics system already initialized!
2023-02-28 20:41:03,688 WARN mapreduce.JobResourceUploader: Hadoop command-line option parsing not performed. Implement the Tool interface and execute your application with ToolRunner to remedy this.
2023-02-28 20:41:03,696 INFO input.FileInputFormat: Total input files to process : 1
2023-02-28 20:41:03,700 INFO mapreduce.JobSubmitter: number of splits:1
2023-02-28 20:41:03,725 INFO mapreduce.JobSubmitter: Submitting tokens for job: job_local262672070_0002
2023-02-28 20:41:03,725 INFO mapreduce.JobSubmitter: Executing with tokens: []
2023-02-28 20:41:03,797 INFO mapreduce.Job: The url to track the job: http://localhost:8080/
2023-02-28 20:41:03,797 INFO mapreduce.Job: Running job: job_local262672070_0002
2023-02-28 20:41:03,797 INFO mapred.LocalJobRunner: OutputCommitter set in config null
2023-02-28 20:41:03,797 INFO output.FileOutputCommitter: File Output Committer Algorithm version is 2
2023-02-28 20:41:03,797 INFO output.FileOutputCommitter: FileOutputCommitter skip cleanup _temporary folders under output directory:false, ignore cleanup failures: false
2023-02-28 20:41:03,798 INFO mapred.LocalJobRunner: OutputCommitter is org.apache.hadoop.mapreduce.lib.output.FileOutputCommitter
2023-02-28 20:41:03,801 INFO mapred.LocalJobRunner: Waiting for map tasks
2023-02-28 20:41:03,801 INFO mapred.LocalJobRunner: Starting task: attempt_local262672070_0002_m_000000_0
2023-02-28 20:41:03,802 INFO output.FileOutputCommitter: File Output Committer Algorithm version is 2
2023-02-28 20:41:03,802 INFO output.FileOutputCommitter: FileOutputCommitter skip cleanup _temporary folders under output directory:false, ignore cleanup failures: false
2023-02-28 20:41:03,802 INFO mapred.Task:  Using ResourceCalculatorProcessTree : [ ]
2023-02-28 20:41:03,804 INFO mapred.MapTask: Processing split: file:/home/kuldip1906/project2/tmp/part-r-00000:0+318
2023-02-28 20:41:03,859 INFO mapred.MapTask: (EQUATOR) 0 kvi 26214396(104857584)
2023-02-28 20:41:03,859 INFO mapred.MapTask: mapreduce.task.io.sort.mb: 100
2023-02-28 20:41:03,859 INFO mapred.MapTask: soft limit at 83886080
2023-02-28 20:41:03,859 INFO mapred.MapTask: bufstart = 0; bufvoid = 104857600
2023-02-28 20:41:03,859 INFO mapred.MapTask: kvstart = 26214396; length = 6553600
2023-02-28 20:41:03,860 INFO mapred.MapTask: Map output collector class = org.apache.hadoop.mapred.MapTask$MapOutputBuffer
2023-02-28 20:41:03,863 INFO mapred.LocalJobRunner: 
2023-02-28 20:41:03,863 INFO mapred.MapTask: Starting flush of map output
2023-02-28 20:41:03,863 INFO mapred.MapTask: Spilling map output
2023-02-28 20:41:03,863 INFO mapred.MapTask: bufstart = 0; bufend = 348; bufvoid = 104857600
2023-02-28 20:41:03,863 INFO mapred.MapTask: kvstart = 26214396(104857584); kvend = 26214284(104857136); length = 113/6553600
2023-02-28 20:41:03,866 INFO mapred.MapTask: Finished spill 0
2023-02-28 20:41:03,868 INFO mapred.Task: Task:attempt_local262672070_0002_m_000000_0 is done. And is in the process of committing
2023-02-28 20:41:03,869 INFO mapred.LocalJobRunner: map
2023-02-28 20:41:03,869 INFO mapred.Task: Task 'attempt_local262672070_0002_m_000000_0' done.
2023-02-28 20:41:03,870 INFO mapred.Task: Final Counters for attempt_local262672070_0002_m_000000_0: Counters: 17
	File System Counters
		FILE: Number of bytes read=23264
		FILE: Number of bytes written=1116790
		FILE: Number of read operations=0
		FILE: Number of large read operations=0
		FILE: Number of write operations=0
	Map-Reduce Framework
		Map input records=29
		Map output records=29
		Map output bytes=348
		Map output materialized bytes=412
		Input split bytes=112
		Combine input records=0
		Spilled Records=29
		Failed Shuffles=0
		Merged Map outputs=0
		GC time elapsed (ms)=0
		Total committed heap usage (bytes)=427294720
	File Input Format Counters 
		Bytes Read=334
2023-02-28 20:41:03,870 INFO mapred.LocalJobRunner: Finishing task: attempt_local262672070_0002_m_000000_0
2023-02-28 20:41:03,870 INFO mapred.LocalJobRunner: map task executor complete.
2023-02-28 20:41:03,871 INFO mapred.LocalJobRunner: Waiting for reduce tasks
2023-02-28 20:41:03,871 INFO mapred.LocalJobRunner: Starting task: attempt_local262672070_0002_r_000000_0
2023-02-28 20:41:03,872 INFO output.FileOutputCommitter: File Output Committer Algorithm version is 2
2023-02-28 20:41:03,872 INFO output.FileOutputCommitter: FileOutputCommitter skip cleanup _temporary folders under output directory:false, ignore cleanup failures: false
2023-02-28 20:41:03,873 INFO mapred.Task:  Using ResourceCalculatorProcessTree : [ ]
2023-02-28 20:41:03,873 INFO mapred.ReduceTask: Using ShuffleConsumerPlugin: org.apache.hadoop.mapreduce.task.reduce.Shuffle@4bab763b
2023-02-28 20:41:03,873 WARN impl.MetricsSystemImpl: JobTracker metrics system already initialized!
2023-02-28 20:41:03,874 INFO reduce.MergeManagerImpl: MergerManager: memoryLimit=629040704, maxSingleShuffleLimit=157260176, mergeThreshold=415166880, ioSortFactor=10, memToMemMergeOutputsThreshold=10
2023-02-28 20:41:03,875 INFO reduce.EventFetcher: attempt_local262672070_0002_r_000000_0 Thread started: EventFetcher for fetching Map Completion Events
2023-02-28 20:41:03,876 INFO reduce.LocalFetcher: localfetcher#2 about to shuffle output of map attempt_local262672070_0002_m_000000_0 decomp: 408 len: 412 to MEMORY
2023-02-28 20:41:03,877 INFO reduce.InMemoryMapOutput: Read 408 bytes from map-output for attempt_local262672070_0002_m_000000_0
2023-02-28 20:41:03,877 INFO reduce.MergeManagerImpl: closeInMemoryFile -> map-output of size: 408, inMemoryMapOutputs.size() -> 1, commitMemory -> 0, usedMemory ->408
2023-02-28 20:41:03,877 INFO reduce.EventFetcher: EventFetcher is interrupted.. Returning
2023-02-28 20:41:03,878 WARN io.ReadaheadPool: Failed readahead on ifile
EBADF: Bad file descriptor
	at org.apache.hadoop.io.nativeio.NativeIO$POSIX.posix_fadvise(Native Method)
	at org.apache.hadoop.io.nativeio.NativeIO$POSIX.posixFadviseIfPossible(NativeIO.java:419)
	at org.apache.hadoop.io.nativeio.NativeIO$POSIX$CacheManipulator.posixFadviseIfPossible(NativeIO.java:296)
	at org.apache.hadoop.io.ReadaheadPool$ReadaheadRequestImpl.run(ReadaheadPool.java:209)
	at java.util.concurrent.ThreadPoolExecutor.runWorker(ThreadPoolExecutor.java:1149)
	at java.util.concurrent.ThreadPoolExecutor$Worker.run(ThreadPoolExecutor.java:624)
	at java.lang.Thread.run(Thread.java:750)
2023-02-28 20:41:03,878 INFO mapred.LocalJobRunner: 1 / 1 copied.
2023-02-28 20:41:03,880 INFO reduce.MergeManagerImpl: finalMerge called with 1 in-memory map-outputs and 0 on-disk map-outputs
2023-02-28 20:41:03,882 INFO mapred.Merger: Merging 1 sorted segments
2023-02-28 20:41:03,882 INFO mapred.Merger: Down to the last merge-pass, with 1 segments left of total size: 398 bytes
2023-02-28 20:41:03,883 INFO reduce.MergeManagerImpl: Merged 1 segments, 408 bytes to disk to satisfy reduce memory limit
2023-02-28 20:41:03,883 INFO reduce.MergeManagerImpl: Merging 1 files, 412 bytes from disk
2023-02-28 20:41:03,883 INFO reduce.MergeManagerImpl: Merging 0 segments, 0 bytes from memory into reduce
2023-02-28 20:41:03,883 INFO mapred.Merger: Merging 1 sorted segments
2023-02-28 20:41:03,883 INFO mapred.Merger: Down to the last merge-pass, with 1 segments left of total size: 398 bytes
2023-02-28 20:41:03,884 INFO mapred.LocalJobRunner: 1 / 1 copied.
2023-02-28 20:41:03,888 INFO mapred.Task: Task:attempt_local262672070_0002_r_000000_0 is done. And is in the process of committing
2023-02-28 20:41:03,889 INFO mapred.LocalJobRunner: 1 / 1 copied.
2023-02-28 20:41:03,889 INFO mapred.Task: Task attempt_local262672070_0002_r_000000_0 is allowed to commit now
2023-02-28 20:41:03,890 INFO output.FileOutputCommitter: Saved output of task 'attempt_local262672070_0002_r_000000_0' to file:/home/kuldip1906/project2/output
2023-02-28 20:41:03,891 INFO mapred.LocalJobRunner: reduce > reduce
2023-02-28 20:41:03,891 INFO mapred.Task: Task 'attempt_local262672070_0002_r_000000_0' done.
2023-02-28 20:41:03,891 INFO mapred.Task: Final Counters for attempt_local262672070_0002_r_000000_0: Counters: 24
	File System Counters
		FILE: Number of bytes read=24120
		FILE: Number of bytes written=1117343
		FILE: Number of read operations=0
		FILE: Number of large read operations=0
		FILE: Number of write operations=0
	Map-Reduce Framework
		Combine input records=0
		Combine output records=0
		Reduce input groups=12
		Reduce shuffle bytes=412
		Reduce input records=29
		Reduce output records=12
		Spilled Records=29
		Shuffled Maps =1
		Failed Shuffles=0
		Merged Map outputs=1
		GC time elapsed (ms)=0
		Total committed heap usage (bytes)=427294720
	Shuffle Errors
		BAD_ID=0
		CONNECTION=0
		IO_ERROR=0
		WRONG_LENGTH=0
		WRONG_MAP=0
		WRONG_REDUCE=0
	File Output Format Counters 
		Bytes Written=141
2023-02-28 20:41:03,891 INFO mapred.LocalJobRunner: Finishing task: attempt_local262672070_0002_r_000000_0
2023-02-28 20:41:03,891 INFO mapred.LocalJobRunner: reduce task executor complete.
2023-02-28 20:41:04,798 INFO mapreduce.Job: Job job_local262672070_0002 running in uber mode : false
2023-02-28 20:41:04,798 INFO mapreduce.Job:  map 100% reduce 100%
2023-02-28 20:41:04,799 INFO mapreduce.Job: Job job_local262672070_0002 completed successfully
2023-02-28 20:41:04,805 INFO mapreduce.Job: Counters: 30
	File System Counters
		FILE: Number of bytes read=47384
		FILE: Number of bytes written=2234133
		FILE: Number of read operations=0
		FILE: Number of large read operations=0
		FILE: Number of write operations=0
	Map-Reduce Framework
		Map input records=29
		Map output records=29
		Map output bytes=348
		Map output materialized bytes=412
		Input split bytes=112
		Combine input records=0
		Combine output records=0
		Reduce input groups=12
		Reduce shuffle bytes=412
		Reduce input records=29
		Reduce output records=12
		Spilled Records=58
		Shuffled Maps =1
		Failed Shuffles=0
		Merged Map outputs=1
		GC time elapsed (ms)=0
		Total committed heap usage (bytes)=854589440
	Shuffle Errors
		BAD_ID=0
		CONNECTION=0
		IO_ERROR=0
		WRONG_LENGTH=0
		WRONG_MAP=0
		WRONG_REDUCE=0
	File Input Format Counters 
		Bytes Read=334
	File Output Format Counters 
		Bytes Written=141
